2019-02-04 09:01:09.163  INFO 46538 --- [restartedMain] callmymom.CallMyMomApplication           : Starting CallMyMomApplication on MacBook-Air.local with PID 46538 (/Users/Tzu-Han/Documents/workspace-spring-tool-suite-4-4.1.1.RELEASE/309_Exp1/target/classes started by Tzu-Han in /Users/Tzu-Han/Documents/workspace-spring-tool-suite-4-4.1.1.RELEASE/309_Exp1)
2019-02-04 09:01:09.171  INFO 46538 --- [restartedMain] callmymom.CallMyMomApplication           : No active profile set, falling back to default profiles: default
2019-02-04 09:01:09.230  INFO 46538 --- [restartedMain] ConfigServletWebServerApplicationContext : Refreshing org.springframework.boot.web.servlet.context.AnnotationConfigServletWebServerApplicationContext@132ec32f: startup date [Mon Feb 04 09:01:09 CST 2019]; root of context hierarchy
2019-02-04 09:01:11.561  INFO 46538 --- [restartedMain] trationDelegate$BeanPostProcessorChecker : Bean 'org.springframework.transaction.annotation.ProxyTransactionManagementConfiguration' of type [org.springframework.transaction.annotation.ProxyTransactionManagementConfiguration$$EnhancerBySpringCGLIB$$81a63505] is not eligible for getting processed by all BeanPostProcessors (for example: not eligible for auto-proxying)
2019-02-04 09:01:12.087  INFO 46538 --- [restartedMain] o.s.b.w.embedded.tomcat.TomcatWebServer  : Tomcat initialized with port(s): 8080 (http)
2019-02-04 09:01:12.141  INFO 46538 --- [restartedMain] o.apache.catalina.core.StandardService   : Starting service [Tomcat]
2019-02-04 09:01:12.142  INFO 46538 --- [restartedMain] org.apache.catalina.core.StandardEngine  : Starting Servlet Engine: Apache Tomcat/8.5.28
2019-02-04 09:01:12.149  INFO 46538 --- [localhost-startStop-1] o.a.catalina.core.AprLifecycleListener   : The APR based Apache Tomcat Native library which allows optimal performance in production environments was not found on the java.library.path: [/Users/Tzu-Han/Library/Java/Extensions:/Library/Java/Extensions:/Network/Library/Java/Extensions:/System/Library/Java/Extensions:/usr/lib/java:.]
2019-02-04 09:01:12.302  INFO 46538 --- [localhost-startStop-1] o.a.c.c.C.[Tomcat].[localhost].[/]       : Initializing Spring embedded WebApplicationContext
2019-02-04 09:01:12.303  INFO 46538 --- [localhost-startStop-1] o.s.web.context.ContextLoader            : Root WebApplicationContext: initialization completed in 3072 ms
2019-02-04 09:01:13.222  INFO 46538 --- [localhost-startStop-1] o.s.b.w.servlet.ServletRegistrationBean  : Servlet dispatcherServlet mapped to [/]
2019-02-04 09:01:13.227  INFO 46538 --- [localhost-startStop-1] o.s.b.w.servlet.FilterRegistrationBean   : Mapping filter: 'characterEncodingFilter' to: [/*]
2019-02-04 09:01:13.227  INFO 46538 --- [localhost-startStop-1] o.s.b.w.servlet.FilterRegistrationBean   : Mapping filter: 'hiddenHttpMethodFilter' to: [/*]
2019-02-04 09:01:13.228  INFO 46538 --- [localhost-startStop-1] o.s.b.w.servlet.FilterRegistrationBean   : Mapping filter: 'httpPutFormContentFilter' to: [/*]
2019-02-04 09:01:13.228  INFO 46538 --- [localhost-startStop-1] o.s.b.w.servlet.FilterRegistrationBean   : Mapping filter: 'requestContextFilter' to: [/*]
2019-02-04 09:01:13.228  INFO 46538 --- [localhost-startStop-1] o.s.b.w.servlet.FilterRegistrationBean   : Mapping filter: 'httpTraceFilter' to: [/*]
2019-02-04 09:01:13.228  INFO 46538 --- [localhost-startStop-1] o.s.b.w.servlet.FilterRegistrationBean   : Mapping filter: 'webMvcMetricsFilter' to: [/*]
2019-02-04 09:01:13.384  INFO 46538 --- [restartedMain] com.zaxxer.hikari.HikariDataSource       : HikariPool-1 - Starting...
2019-02-04 09:01:13.962  INFO 46538 --- [restartedMain] com.zaxxer.hikari.HikariDataSource       : HikariPool-1 - Start completed.
2019-02-04 09:01:14.032  INFO 46538 --- [restartedMain] j.LocalContainerEntityManagerFactoryBean : Building JPA container EntityManagerFactory for persistence unit 'default'
2019-02-04 09:01:14.056  INFO 46538 --- [restartedMain] o.hibernate.jpa.internal.util.LogHelper  : HHH000204: Processing PersistenceUnitInfo [
	name: default
	...]
2019-02-04 09:01:14.324  INFO 46538 --- [restartedMain] org.hibernate.Version                    : HHH000412: Hibernate Core {5.2.14.Final}
2019-02-04 09:01:14.327  INFO 46538 --- [restartedMain] org.hibernate.cfg.Environment            : HHH000206: hibernate.properties not found
2019-02-04 09:01:14.435  INFO 46538 --- [restartedMain] o.hibernate.annotations.common.Version   : HCANN000001: Hibernate Commons Annotations {5.0.1.Final}
2019-02-04 09:01:14.725  INFO 46538 --- [restartedMain] org.hibernate.dialect.Dialect            : HHH000400: Using dialect: org.hibernate.dialect.MySQL5Dialect
2019-02-04 09:01:15.776  INFO 46538 --- [restartedMain] o.h.t.schema.internal.SchemaCreatorImpl  : HHH000476: Executing import script 'org.hibernate.tool.schema.internal.exec.ScriptSourceInputNonExistentImpl@11866386'
2019-02-04 09:01:15.782  INFO 46538 --- [restartedMain] j.LocalContainerEntityManagerFactoryBean : Initialized JPA EntityManagerFactory for persistence unit 'default'
2019-02-04 09:01:16.315  INFO 46538 --- [restartedMain] s.w.s.m.m.a.RequestMappingHandlerAdapter : Looking for @ControllerAdvice: org.springframework.boot.web.servlet.context.AnnotationConfigServletWebServerApplicationContext@132ec32f: startup date [Mon Feb 04 09:01:09 CST 2019]; root of context hierarchy
2019-02-04 09:01:16.404  WARN 46538 --- [restartedMain] aWebConfiguration$JpaWebMvcConfiguration : spring.jpa.open-in-view is enabled by default. Therefore, database queries may be performed during view rendering. Explicitly configure spring.jpa.open-in-view to disable this warning
2019-02-04 09:01:16.486  INFO 46538 --- [restartedMain] s.w.s.m.m.a.RequestMappingHandlerMapping : Mapped "{[/error]}" onto public org.springframework.http.ResponseEntity<java.util.Map<java.lang.String, java.lang.Object>> org.springframework.boot.autoconfigure.web.servlet.error.BasicErrorController.error(javax.servlet.http.HttpServletRequest)
2019-02-04 09:01:16.488  INFO 46538 --- [restartedMain] s.w.s.m.m.a.RequestMappingHandlerMapping : Mapped "{[/error],produces=[text/html]}" onto public org.springframework.web.servlet.ModelAndView org.springframework.boot.autoconfigure.web.servlet.error.BasicErrorController.errorHtml(javax.servlet.http.HttpServletRequest,javax.servlet.http.HttpServletResponse)
2019-02-04 09:01:16.555  INFO 46538 --- [restartedMain] o.s.w.s.handler.SimpleUrlHandlerMapping  : Mapped URL path [/webjars/**] onto handler of type [class org.springframework.web.servlet.resource.ResourceHttpRequestHandler]
2019-02-04 09:01:16.555  INFO 46538 --- [restartedMain] o.s.w.s.handler.SimpleUrlHandlerMapping  : Mapped URL path [/**] onto handler of type [class org.springframework.web.servlet.resource.ResourceHttpRequestHandler]
2019-02-04 09:01:16.637  INFO 46538 --- [restartedMain] o.s.w.s.handler.SimpleUrlHandlerMapping  : Mapped URL path [/**/favicon.ico] onto handler of type [class org.springframework.web.servlet.resource.ResourceHttpRequestHandler]
2019-02-04 09:01:17.262  INFO 46538 --- [restartedMain] o.s.b.d.a.OptionalLiveReloadServer       : LiveReload server is running on port 35729
2019-02-04 09:01:17.287  INFO 46538 --- [restartedMain] s.b.a.e.w.s.WebMvcEndpointHandlerMapping : Mapped "{[/actuator/health],methods=[GET],produces=[application/vnd.spring-boot.actuator.v2+json || application/json]}" onto public java.lang.Object org.springframework.boot.actuate.endpoint.web.servlet.AbstractWebMvcEndpointHandlerMapping$OperationHandler.handle(javax.servlet.http.HttpServletRequest,java.util.Map<java.lang.String, java.lang.String>)
2019-02-04 09:01:17.288  INFO 46538 --- [restartedMain] s.b.a.e.w.s.WebMvcEndpointHandlerMapping : Mapped "{[/actuator/info],methods=[GET],produces=[application/vnd.spring-boot.actuator.v2+json || application/json]}" onto public java.lang.Object org.springframework.boot.actuate.endpoint.web.servlet.AbstractWebMvcEndpointHandlerMapping$OperationHandler.handle(javax.servlet.http.HttpServletRequest,java.util.Map<java.lang.String, java.lang.String>)
2019-02-04 09:01:17.289  INFO 46538 --- [restartedMain] s.b.a.e.w.s.WebMvcEndpointHandlerMapping : Mapped "{[/actuator],methods=[GET],produces=[application/vnd.spring-boot.actuator.v2+json || application/json]}" onto protected java.util.Map<java.lang.String, java.util.Map<java.lang.String, org.springframework.boot.actuate.endpoint.web.Link>> org.springframework.boot.actuate.endpoint.web.servlet.WebMvcEndpointHandlerMapping.links(javax.servlet.http.HttpServletRequest,javax.servlet.http.HttpServletResponse)
2019-02-04 09:01:17.424  INFO 46538 --- [restartedMain] o.s.j.e.a.AnnotationMBeanExporter        : Registering beans for JMX exposure on startup
2019-02-04 09:01:17.425  INFO 46538 --- [restartedMain] o.s.j.e.a.AnnotationMBeanExporter        : Bean with name 'dataSource' has been autodetected for JMX exposure
2019-02-04 09:01:17.436  INFO 46538 --- [restartedMain] o.s.j.e.a.AnnotationMBeanExporter        : Located MBean 'dataSource': registering with JMX server as MBean [com.zaxxer.hikari:name=dataSource,type=HikariDataSource]
2019-02-04 09:01:17.514  INFO 46538 --- [restartedMain] o.s.b.w.embedded.tomcat.TomcatWebServer  : Tomcat started on port(s): 8080 (http) with context path ''
2019-02-04 09:01:17.519  INFO 46538 --- [restartedMain] callmymom.CallMyMomApplication           : Started CallMyMomApplication in 24.147 seconds (JVM running for 30.319)
2019-02-04 09:01:19.483  INFO 46538 --- [RMI TCP Connection(3)-127.0.0.1] o.a.c.c.C.[Tomcat].[localhost].[/]       : Initializing Spring FrameworkServlet 'dispatcherServlet'
2019-02-04 09:01:19.483  INFO 46538 --- [RMI TCP Connection(3)-127.0.0.1] o.s.web.servlet.DispatcherServlet        : FrameworkServlet 'dispatcherServlet': initialization started
2019-02-04 09:01:19.519  INFO 46538 --- [RMI TCP Connection(3)-127.0.0.1] o.s.web.servlet.DispatcherServlet        : FrameworkServlet 'dispatcherServlet': initialization completed in 36 ms
2019-02-04 09:01:58.044  INFO 46538 --- [Thread-10] ConfigServletWebServerApplicationContext : Closing org.springframework.boot.web.servlet.context.AnnotationConfigServletWebServerApplicationContext@132ec32f: startup date [Mon Feb 04 09:01:09 CST 2019]; root of context hierarchy
2019-02-04 09:01:58.049  INFO 46538 --- [Thread-10] o.s.j.e.a.AnnotationMBeanExporter        : Unregistering JMX-exposed beans on shutdown
2019-02-04 09:01:58.051  INFO 46538 --- [Thread-10] o.s.j.e.a.AnnotationMBeanExporter        : Unregistering JMX-exposed beans
2019-02-04 09:01:58.052  INFO 46538 --- [Thread-10] j.LocalContainerEntityManagerFactoryBean : Closing JPA EntityManagerFactory for persistence unit 'default'
2019-02-04 09:01:58.055  INFO 46538 --- [Thread-10] com.zaxxer.hikari.HikariDataSource       : HikariPool-1 - Shutdown initiated...
2019-02-04 09:01:58.066  INFO 46538 --- [Thread-10] com.zaxxer.hikari.HikariDataSource       : HikariPool-1 - Shutdown completed.
2019-02-04 09:02:15.714  INFO 46538 --- [restartedMain] callmymom.CallMyMomApplication           : Starting CallMyMomApplication on MacBook-Air.local with PID 46538 (/Users/Tzu-Han/Documents/workspace-spring-tool-suite-4-4.1.1.RELEASE/309_Exp1/target/classes started by Tzu-Han in /Users/Tzu-Han/Documents/workspace-spring-tool-suite-4-4.1.1.RELEASE/309_Exp1)
2019-02-04 09:02:15.716  INFO 46538 --- [restartedMain] callmymom.CallMyMomApplication           : No active profile set, falling back to default profiles: default
2019-02-04 09:02:15.721  INFO 46538 --- [restartedMain] ConfigServletWebServerApplicationContext : Refreshing org.springframework.boot.web.servlet.context.AnnotationConfigServletWebServerApplicationContext@531832c5: startup date [Mon Feb 04 09:02:15 CST 2019]; root of context hierarchy
2019-02-04 09:02:16.192  INFO 46538 --- [restartedMain] trationDelegate$BeanPostProcessorChecker : Bean 'org.springframework.transaction.annotation.ProxyTransactionManagementConfiguration' of type [org.springframework.transaction.annotation.ProxyTransactionManagementConfiguration$$EnhancerBySpringCGLIB$$81a63505] is not eligible for getting processed by all BeanPostProcessors (for example: not eligible for auto-proxying)
2019-02-04 09:02:16.280  INFO 46538 --- [restartedMain] o.s.b.w.embedded.tomcat.TomcatWebServer  : Tomcat initialized with port(s): 8080 (http)
2019-02-04 09:02:16.281  INFO 46538 --- [restartedMain] o.apache.catalina.core.StandardService   : Starting service [Tomcat]
2019-02-04 09:02:16.281  INFO 46538 --- [restartedMain] org.apache.catalina.core.StandardEngine  : Starting Servlet Engine: Apache Tomcat/8.5.28
2019-02-04 09:02:16.292  INFO 46538 --- [localhost-startStop-1] o.a.c.c.C.[Tomcat].[localhost].[/]       : Initializing Spring embedded WebApplicationContext
2019-02-04 09:02:16.294  INFO 46538 --- [localhost-startStop-1] o.s.web.context.ContextLoader            : Root WebApplicationContext: initialization completed in 573 ms
2019-02-04 09:02:16.554  INFO 46538 --- [localhost-startStop-1] o.s.b.w.servlet.ServletRegistrationBean  : Servlet dispatcherServlet mapped to [/]
2019-02-04 09:02:16.555  INFO 46538 --- [localhost-startStop-1] o.s.b.w.servlet.FilterRegistrationBean   : Mapping filter: 'characterEncodingFilter' to: [/*]
2019-02-04 09:02:16.555  INFO 46538 --- [localhost-startStop-1] o.s.b.w.servlet.FilterRegistrationBean   : Mapping filter: 'hiddenHttpMethodFilter' to: [/*]
2019-02-04 09:02:16.555  INFO 46538 --- [localhost-startStop-1] o.s.b.w.servlet.FilterRegistrationBean   : Mapping filter: 'httpPutFormContentFilter' to: [/*]
2019-02-04 09:02:16.555  INFO 46538 --- [localhost-startStop-1] o.s.b.w.servlet.FilterRegistrationBean   : Mapping filter: 'requestContextFilter' to: [/*]
2019-02-04 09:02:16.556  INFO 46538 --- [localhost-startStop-1] o.s.b.w.servlet.FilterRegistrationBean   : Mapping filter: 'httpTraceFilter' to: [/*]
2019-02-04 09:02:16.556  INFO 46538 --- [localhost-startStop-1] o.s.b.w.servlet.FilterRegistrationBean   : Mapping filter: 'webMvcMetricsFilter' to: [/*]
2019-02-04 09:02:16.589  INFO 46538 --- [restartedMain] com.zaxxer.hikari.HikariDataSource       : HikariPool-2 - Starting...
2019-02-04 09:02:16.601  INFO 46538 --- [restartedMain] com.zaxxer.hikari.HikariDataSource       : HikariPool-2 - Start completed.
2019-02-04 09:02:16.606  INFO 46538 --- [restartedMain] j.LocalContainerEntityManagerFactoryBean : Building JPA container EntityManagerFactory for persistence unit 'default'
2019-02-04 09:02:16.607  INFO 46538 --- [restartedMain] o.hibernate.jpa.internal.util.LogHelper  : HHH000204: Processing PersistenceUnitInfo [
	name: default
	...]
2019-02-04 09:02:16.621  INFO 46538 --- [restartedMain] org.hibernate.dialect.Dialect            : HHH000400: Using dialect: org.hibernate.dialect.MySQL5Dialect
2019-02-04 09:02:16.773  INFO 46538 --- [restartedMain] o.h.t.schema.internal.SchemaCreatorImpl  : HHH000476: Executing import script 'org.hibernate.tool.schema.internal.exec.ScriptSourceInputNonExistentImpl@11866386'
2019-02-04 09:02:16.774  INFO 46538 --- [restartedMain] j.LocalContainerEntityManagerFactoryBean : Initialized JPA EntityManagerFactory for persistence unit 'default'
2019-02-04 09:02:16.934  INFO 46538 --- [restartedMain] s.w.s.m.m.a.RequestMappingHandlerAdapter : Looking for @ControllerAdvice: org.springframework.boot.web.servlet.context.AnnotationConfigServletWebServerApplicationContext@531832c5: startup date [Mon Feb 04 09:02:15 CST 2019]; root of context hierarchy
2019-02-04 09:02:16.946  WARN 46538 --- [restartedMain] aWebConfiguration$JpaWebMvcConfiguration : spring.jpa.open-in-view is enabled by default. Therefore, database queries may be performed during view rendering. Explicitly configure spring.jpa.open-in-view to disable this warning
2019-02-04 09:02:16.961  INFO 46538 --- [restartedMain] s.w.s.m.m.a.RequestMappingHandlerMapping : Mapped "{[/error]}" onto public org.springframework.http.ResponseEntity<java.util.Map<java.lang.String, java.lang.Object>> org.springframework.boot.autoconfigure.web.servlet.error.BasicErrorController.error(javax.servlet.http.HttpServletRequest)
2019-02-04 09:02:16.961  INFO 46538 --- [restartedMain] s.w.s.m.m.a.RequestMappingHandlerMapping : Mapped "{[/error],produces=[text/html]}" onto public org.springframework.web.servlet.ModelAndView org.springframework.boot.autoconfigure.web.servlet.error.BasicErrorController.errorHtml(javax.servlet.http.HttpServletRequest,javax.servlet.http.HttpServletResponse)
2019-02-04 09:02:16.980  INFO 46538 --- [restartedMain] o.s.w.s.handler.SimpleUrlHandlerMapping  : Mapped URL path [/webjars/**] onto handler of type [class org.springframework.web.servlet.resource.ResourceHttpRequestHandler]
2019-02-04 09:02:16.981  INFO 46538 --- [restartedMain] o.s.w.s.handler.SimpleUrlHandlerMapping  : Mapped URL path [/**] onto handler of type [class org.springframework.web.servlet.resource.ResourceHttpRequestHandler]
2019-02-04 09:02:17.004  INFO 46538 --- [restartedMain] o.s.w.s.handler.SimpleUrlHandlerMapping  : Mapped URL path [/**/favicon.ico] onto handler of type [class org.springframework.web.servlet.resource.ResourceHttpRequestHandler]
2019-02-04 09:02:17.168  INFO 46538 --- [restartedMain] o.s.b.d.a.OptionalLiveReloadServer       : LiveReload server is running on port 35729
2019-02-04 09:02:17.183  INFO 46538 --- [restartedMain] s.b.a.e.w.s.WebMvcEndpointHandlerMapping : Mapped "{[/actuator/health],methods=[GET],produces=[application/vnd.spring-boot.actuator.v2+json || application/json]}" onto public java.lang.Object org.springframework.boot.actuate.endpoint.web.servlet.AbstractWebMvcEndpointHandlerMapping$OperationHandler.handle(javax.servlet.http.HttpServletRequest,java.util.Map<java.lang.String, java.lang.String>)
2019-02-04 09:02:17.184  INFO 46538 --- [restartedMain] s.b.a.e.w.s.WebMvcEndpointHandlerMapping : Mapped "{[/actuator/info],methods=[GET],produces=[application/vnd.spring-boot.actuator.v2+json || application/json]}" onto public java.lang.Object org.springframework.boot.actuate.endpoint.web.servlet.AbstractWebMvcEndpointHandlerMapping$OperationHandler.handle(javax.servlet.http.HttpServletRequest,java.util.Map<java.lang.String, java.lang.String>)
2019-02-04 09:02:17.184  INFO 46538 --- [restartedMain] s.b.a.e.w.s.WebMvcEndpointHandlerMapping : Mapped "{[/actuator],methods=[GET],produces=[application/vnd.spring-boot.actuator.v2+json || application/json]}" onto protected java.util.Map<java.lang.String, java.util.Map<java.lang.String, org.springframework.boot.actuate.endpoint.web.Link>> org.springframework.boot.actuate.endpoint.web.servlet.WebMvcEndpointHandlerMapping.links(javax.servlet.http.HttpServletRequest,javax.servlet.http.HttpServletResponse)
2019-02-04 09:02:17.295  INFO 46538 --- [restartedMain] o.s.j.e.a.AnnotationMBeanExporter        : Registering beans for JMX exposure on startup
2019-02-04 09:02:17.295  INFO 46538 --- [restartedMain] o.s.j.e.a.AnnotationMBeanExporter        : Bean with name 'dataSource' has been autodetected for JMX exposure
2019-02-04 09:02:17.303  INFO 46538 --- [restartedMain] o.s.j.e.a.AnnotationMBeanExporter        : Located MBean 'dataSource': registering with JMX server as MBean [com.zaxxer.hikari:name=dataSource,type=HikariDataSource]
2019-02-04 09:02:17.319  INFO 46538 --- [restartedMain] o.s.b.w.embedded.tomcat.TomcatWebServer  : Tomcat started on port(s): 8080 (http) with context path ''
2019-02-04 09:02:17.322  INFO 46538 --- [restartedMain] callmymom.CallMyMomApplication           : Started CallMyMomApplication in 16.663 seconds (JVM running for 90.121)
2019-02-04 09:02:17.329  INFO 46538 --- [restartedMain] .ConditionEvaluationDeltaLoggingListener : Condition evaluation unchanged
2019-02-04 09:02:20.393  INFO 46538 --- [RMI TCP Connection(3)-127.0.0.1] o.a.c.c.C.[Tomcat].[localhost].[/]       : Initializing Spring FrameworkServlet 'dispatcherServlet'
2019-02-04 09:02:20.393  INFO 46538 --- [RMI TCP Connection(3)-127.0.0.1] o.s.web.servlet.DispatcherServlet        : FrameworkServlet 'dispatcherServlet': initialization started
2019-02-04 09:02:20.402  INFO 46538 --- [RMI TCP Connection(3)-127.0.0.1] o.s.web.servlet.DispatcherServlet        : FrameworkServlet 'dispatcherServlet': initialization completed in 9 ms
2019-02-04 09:04:22.886  INFO 46538 --- [RMI TCP Connection(17)-127.0.0.1] inMXBeanRegistrar$SpringApplicationAdmin : Application shutdown requested.
2019-02-04 09:04:22.889  INFO 46538 --- [RMI TCP Connection(17)-127.0.0.1] ConfigServletWebServerApplicationContext : Closing org.springframework.boot.web.servlet.context.AnnotationConfigServletWebServerApplicationContext@531832c5: startup date [Mon Feb 04 09:02:15 CST 2019]; root of context hierarchy
2019-02-04 09:04:22.896  INFO 46538 --- [RMI TCP Connection(17)-127.0.0.1] o.s.j.e.a.AnnotationMBeanExporter        : Unregistering JMX-exposed beans on shutdown
2019-02-04 09:04:22.897  INFO 46538 --- [RMI TCP Connection(17)-127.0.0.1] o.s.j.e.a.AnnotationMBeanExporter        : Unregistering JMX-exposed beans
2019-02-04 09:04:22.898  INFO 46538 --- [RMI TCP Connection(17)-127.0.0.1] j.LocalContainerEntityManagerFactoryBean : Closing JPA EntityManagerFactory for persistence unit 'default'
2019-02-04 09:04:22.899  INFO 46538 --- [RMI TCP Connection(17)-127.0.0.1] com.zaxxer.hikari.HikariDataSource       : HikariPool-2 - Shutdown initiated...
2019-02-04 09:04:22.907  INFO 46538 --- [RMI TCP Connection(17)-127.0.0.1] com.zaxxer.hikari.HikariDataSource       : HikariPool-2 - Shutdown completed.
2019-02-04 09:05:52.158  INFO 46578 --- [restartedMain] callmymom.CallMyMomApplication           : Starting CallMyMomApplication on MacBook-Air.local with PID 46578 (/Users/Tzu-Han/Documents/workspace-spring-tool-suite-4-4.1.1.RELEASE/309_Exp1/target/classes started by Tzu-Han in /Users/Tzu-Han/Documents/workspace-spring-tool-suite-4-4.1.1.RELEASE/309_Exp1)
2019-02-04 09:05:52.160  INFO 46578 --- [restartedMain] callmymom.CallMyMomApplication           : No active profile set, falling back to default profiles: default
2019-02-04 09:05:52.200  INFO 46578 --- [restartedMain] ConfigServletWebServerApplicationContext : Refreshing org.springframework.boot.web.servlet.context.AnnotationConfigServletWebServerApplicationContext@609b92ab: startup date [Mon Feb 04 09:05:52 CST 2019]; root of context hierarchy
2019-02-04 09:05:53.948  INFO 46578 --- [restartedMain] trationDelegate$BeanPostProcessorChecker : Bean 'org.springframework.transaction.annotation.ProxyTransactionManagementConfiguration' of type [org.springframework.transaction.annotation.ProxyTransactionManagementConfiguration$$EnhancerBySpringCGLIB$$4767fcd3] is not eligible for getting processed by all BeanPostProcessors (for example: not eligible for auto-proxying)
2019-02-04 09:05:54.358  INFO 46578 --- [restartedMain] o.s.b.w.embedded.tomcat.TomcatWebServer  : Tomcat initialized with port(s): 8080 (http)
2019-02-04 09:05:54.404  INFO 46578 --- [restartedMain] o.apache.catalina.core.StandardService   : Starting service [Tomcat]
2019-02-04 09:05:54.404  INFO 46578 --- [restartedMain] org.apache.catalina.core.StandardEngine  : Starting Servlet Engine: Apache Tomcat/8.5.28
2019-02-04 09:05:54.481  INFO 46578 --- [localhost-startStop-1] o.a.catalina.core.AprLifecycleListener   : The APR based Apache Tomcat Native library which allows optimal performance in production environments was not found on the java.library.path: [/Users/Tzu-Han/Library/Java/Extensions:/Library/Java/Extensions:/Network/Library/Java/Extensions:/System/Library/Java/Extensions:/usr/lib/java:.]
2019-02-04 09:05:54.571  INFO 46578 --- [localhost-startStop-1] o.a.c.c.C.[Tomcat].[localhost].[/]       : Initializing Spring embedded WebApplicationContext
2019-02-04 09:05:54.571  INFO 46578 --- [localhost-startStop-1] o.s.web.context.ContextLoader            : Root WebApplicationContext: initialization completed in 2371 ms
2019-02-04 09:05:55.382  INFO 46578 --- [localhost-startStop-1] o.s.b.w.servlet.ServletRegistrationBean  : Servlet dispatcherServlet mapped to [/]
2019-02-04 09:05:55.386  INFO 46578 --- [localhost-startStop-1] o.s.b.w.servlet.FilterRegistrationBean   : Mapping filter: 'characterEncodingFilter' to: [/*]
2019-02-04 09:05:55.387  INFO 46578 --- [localhost-startStop-1] o.s.b.w.servlet.FilterRegistrationBean   : Mapping filter: 'hiddenHttpMethodFilter' to: [/*]
2019-02-04 09:05:55.387  INFO 46578 --- [localhost-startStop-1] o.s.b.w.servlet.FilterRegistrationBean   : Mapping filter: 'httpPutFormContentFilter' to: [/*]
2019-02-04 09:05:55.388  INFO 46578 --- [localhost-startStop-1] o.s.b.w.servlet.FilterRegistrationBean   : Mapping filter: 'requestContextFilter' to: [/*]
2019-02-04 09:05:55.388  INFO 46578 --- [localhost-startStop-1] o.s.b.w.servlet.FilterRegistrationBean   : Mapping filter: 'httpTraceFilter' to: [/*]
2019-02-04 09:05:55.388  INFO 46578 --- [localhost-startStop-1] o.s.b.w.servlet.FilterRegistrationBean   : Mapping filter: 'webMvcMetricsFilter' to: [/*]
2019-02-04 09:05:55.490  INFO 46578 --- [restartedMain] com.zaxxer.hikari.HikariDataSource       : HikariPool-1 - Starting...
2019-02-04 09:05:55.930  INFO 46578 --- [restartedMain] com.zaxxer.hikari.HikariDataSource       : HikariPool-1 - Start completed.
2019-02-04 09:05:55.980  INFO 46578 --- [restartedMain] j.LocalContainerEntityManagerFactoryBean : Building JPA container EntityManagerFactory for persistence unit 'default'
2019-02-04 09:05:55.999  INFO 46578 --- [restartedMain] o.hibernate.jpa.internal.util.LogHelper  : HHH000204: Processing PersistenceUnitInfo [
	name: default
	...]
2019-02-04 09:05:56.105  INFO 46578 --- [restartedMain] org.hibernate.Version                    : HHH000412: Hibernate Core {5.2.14.Final}
2019-02-04 09:05:56.107  INFO 46578 --- [restartedMain] org.hibernate.cfg.Environment            : HHH000206: hibernate.properties not found
2019-02-04 09:05:56.149  INFO 46578 --- [restartedMain] o.hibernate.annotations.common.Version   : HCANN000001: Hibernate Commons Annotations {5.0.1.Final}
2019-02-04 09:05:56.249  INFO 46578 --- [restartedMain] org.hibernate.dialect.Dialect            : HHH000400: Using dialect: org.hibernate.dialect.MySQL5Dialect
2019-02-04 09:05:56.747  INFO 46578 --- [restartedMain] o.h.t.schema.internal.SchemaCreatorImpl  : HHH000476: Executing import script 'org.hibernate.tool.schema.internal.exec.ScriptSourceInputNonExistentImpl@4370cfc5'
2019-02-04 09:05:56.751  INFO 46578 --- [restartedMain] j.LocalContainerEntityManagerFactoryBean : Initialized JPA EntityManagerFactory for persistence unit 'default'
2019-02-04 09:05:57.221  INFO 46578 --- [restartedMain] s.w.s.m.m.a.RequestMappingHandlerAdapter : Looking for @ControllerAdvice: org.springframework.boot.web.servlet.context.AnnotationConfigServletWebServerApplicationContext@609b92ab: startup date [Mon Feb 04 09:05:52 CST 2019]; root of context hierarchy
2019-02-04 09:05:57.271  WARN 46578 --- [restartedMain] aWebConfiguration$JpaWebMvcConfiguration : spring.jpa.open-in-view is enabled by default. Therefore, database queries may be performed during view rendering. Explicitly configure spring.jpa.open-in-view to disable this warning
2019-02-04 09:05:57.346  INFO 46578 --- [restartedMain] s.w.s.m.m.a.RequestMappingHandlerMapping : Mapped "{[/error]}" onto public org.springframework.http.ResponseEntity<java.util.Map<java.lang.String, java.lang.Object>> org.springframework.boot.autoconfigure.web.servlet.error.BasicErrorController.error(javax.servlet.http.HttpServletRequest)
2019-02-04 09:05:57.348  INFO 46578 --- [restartedMain] s.w.s.m.m.a.RequestMappingHandlerMapping : Mapped "{[/error],produces=[text/html]}" onto public org.springframework.web.servlet.ModelAndView org.springframework.boot.autoconfigure.web.servlet.error.BasicErrorController.errorHtml(javax.servlet.http.HttpServletRequest,javax.servlet.http.HttpServletResponse)
2019-02-04 09:05:57.412  INFO 46578 --- [restartedMain] o.s.w.s.handler.SimpleUrlHandlerMapping  : Mapped URL path [/webjars/**] onto handler of type [class org.springframework.web.servlet.resource.ResourceHttpRequestHandler]
2019-02-04 09:05:57.413  INFO 46578 --- [restartedMain] o.s.w.s.handler.SimpleUrlHandlerMapping  : Mapped URL path [/**] onto handler of type [class org.springframework.web.servlet.resource.ResourceHttpRequestHandler]
2019-02-04 09:05:57.492  INFO 46578 --- [restartedMain] o.s.w.s.handler.SimpleUrlHandlerMapping  : Mapped URL path [/**/favicon.ico] onto handler of type [class org.springframework.web.servlet.resource.ResourceHttpRequestHandler]
2019-02-04 09:05:58.088  INFO 46578 --- [restartedMain] o.s.b.d.a.OptionalLiveReloadServer       : LiveReload server is running on port 35729
2019-02-04 09:05:58.116  INFO 46578 --- [restartedMain] s.b.a.e.w.s.WebMvcEndpointHandlerMapping : Mapped "{[/actuator/health],methods=[GET],produces=[application/vnd.spring-boot.actuator.v2+json || application/json]}" onto public java.lang.Object org.springframework.boot.actuate.endpoint.web.servlet.AbstractWebMvcEndpointHandlerMapping$OperationHandler.handle(javax.servlet.http.HttpServletRequest,java.util.Map<java.lang.String, java.lang.String>)
2019-02-04 09:05:58.118  INFO 46578 --- [restartedMain] s.b.a.e.w.s.WebMvcEndpointHandlerMapping : Mapped "{[/actuator/info],methods=[GET],produces=[application/vnd.spring-boot.actuator.v2+json || application/json]}" onto public java.lang.Object org.springframework.boot.actuate.endpoint.web.servlet.AbstractWebMvcEndpointHandlerMapping$OperationHandler.handle(javax.servlet.http.HttpServletRequest,java.util.Map<java.lang.String, java.lang.String>)
2019-02-04 09:05:58.119  INFO 46578 --- [restartedMain] s.b.a.e.w.s.WebMvcEndpointHandlerMapping : Mapped "{[/actuator],methods=[GET],produces=[application/vnd.spring-boot.actuator.v2+json || application/json]}" onto protected java.util.Map<java.lang.String, java.util.Map<java.lang.String, org.springframework.boot.actuate.endpoint.web.Link>> org.springframework.boot.actuate.endpoint.web.servlet.WebMvcEndpointHandlerMapping.links(javax.servlet.http.HttpServletRequest,javax.servlet.http.HttpServletResponse)
2019-02-04 09:05:58.247  INFO 46578 --- [restartedMain] o.s.j.e.a.AnnotationMBeanExporter        : Registering beans for JMX exposure on startup
2019-02-04 09:05:58.249  INFO 46578 --- [restartedMain] o.s.j.e.a.AnnotationMBeanExporter        : Bean with name 'dataSource' has been autodetected for JMX exposure
2019-02-04 09:05:58.258  INFO 46578 --- [restartedMain] o.s.j.e.a.AnnotationMBeanExporter        : Located MBean 'dataSource': registering with JMX server as MBean [com.zaxxer.hikari:name=dataSource,type=HikariDataSource]
2019-02-04 09:05:58.306  INFO 46578 --- [restartedMain] o.s.b.w.embedded.tomcat.TomcatWebServer  : Tomcat started on port(s): 8080 (http) with context path ''
2019-02-04 09:05:58.312  INFO 46578 --- [restartedMain] callmymom.CallMyMomApplication           : Started CallMyMomApplication in 21.603 seconds (JVM running for 27.357)
2019-02-04 09:06:02.731  INFO 46578 --- [RMI TCP Connection(3)-127.0.0.1] o.a.c.c.C.[Tomcat].[localhost].[/]       : Initializing Spring FrameworkServlet 'dispatcherServlet'
2019-02-04 09:06:02.732  INFO 46578 --- [RMI TCP Connection(3)-127.0.0.1] o.s.web.servlet.DispatcherServlet        : FrameworkServlet 'dispatcherServlet': initialization started
2019-02-04 09:06:02.748  INFO 46578 --- [RMI TCP Connection(3)-127.0.0.1] o.s.web.servlet.DispatcherServlet        : FrameworkServlet 'dispatcherServlet': initialization completed in 16 ms
2019-02-04 09:06:26.867  INFO 46578 --- [RMI TCP Connection(11)-127.0.0.1] inMXBeanRegistrar$SpringApplicationAdmin : Application shutdown requested.
2019-02-04 09:06:26.869  INFO 46578 --- [RMI TCP Connection(11)-127.0.0.1] ConfigServletWebServerApplicationContext : Closing org.springframework.boot.web.servlet.context.AnnotationConfigServletWebServerApplicationContext@609b92ab: startup date [Mon Feb 04 09:05:52 CST 2019]; root of context hierarchy
2019-02-04 09:06:26.872  INFO 46578 --- [RMI TCP Connection(11)-127.0.0.1] o.s.j.e.a.AnnotationMBeanExporter        : Unregistering JMX-exposed beans on shutdown
2019-02-04 09:06:26.873  INFO 46578 --- [RMI TCP Connection(11)-127.0.0.1] o.s.j.e.a.AnnotationMBeanExporter        : Unregistering JMX-exposed beans
2019-02-04 09:06:26.875  INFO 46578 --- [RMI TCP Connection(11)-127.0.0.1] j.LocalContainerEntityManagerFactoryBean : Closing JPA EntityManagerFactory for persistence unit 'default'
2019-02-04 09:06:26.878  INFO 46578 --- [RMI TCP Connection(11)-127.0.0.1] com.zaxxer.hikari.HikariDataSource       : HikariPool-1 - Shutdown initiated...
2019-02-04 09:06:26.887  INFO 46578 --- [RMI TCP Connection(11)-127.0.0.1] com.zaxxer.hikari.HikariDataSource       : HikariPool-1 - Shutdown completed.
2019-02-04 09:09:52.753  INFO 46604 --- [restartedMain] callmymom.CallMyMomApplication           : Starting CallMyMomApplication on MacBook-Air.local with PID 46604 (/Users/Tzu-Han/Documents/workspace-spring-tool-suite-4-4.1.1.RELEASE/309_Exp1/target/classes started by Tzu-Han in /Users/Tzu-Han/Documents/workspace-spring-tool-suite-4-4.1.1.RELEASE/309_Exp1)
2019-02-04 09:09:52.756  INFO 46604 --- [restartedMain] callmymom.CallMyMomApplication           : No active profile set, falling back to default profiles: default
2019-02-04 09:09:52.803  INFO 46604 --- [restartedMain] ConfigServletWebServerApplicationContext : Refreshing org.springframework.boot.web.servlet.context.AnnotationConfigServletWebServerApplicationContext@3946127f: startup date [Mon Feb 04 09:09:52 CST 2019]; root of context hierarchy
2019-02-04 09:09:54.293  INFO 46604 --- [restartedMain] trationDelegate$BeanPostProcessorChecker : Bean 'org.springframework.transaction.annotation.ProxyTransactionManagementConfiguration' of type [org.springframework.transaction.annotation.ProxyTransactionManagementConfiguration$$EnhancerBySpringCGLIB$$79fb9a07] is not eligible for getting processed by all BeanPostProcessors (for example: not eligible for auto-proxying)
2019-02-04 09:09:54.670  INFO 46604 --- [restartedMain] o.s.b.w.embedded.tomcat.TomcatWebServer  : Tomcat initialized with port(s): 8080 (http)
2019-02-04 09:09:54.702  INFO 46604 --- [restartedMain] o.apache.catalina.core.StandardService   : Starting service [Tomcat]
2019-02-04 09:09:54.703  INFO 46604 --- [restartedMain] org.apache.catalina.core.StandardEngine  : Starting Servlet Engine: Apache Tomcat/8.5.28
2019-02-04 09:09:54.709  INFO 46604 --- [localhost-startStop-1] o.a.catalina.core.AprLifecycleListener   : The APR based Apache Tomcat Native library which allows optimal performance in production environments was not found on the java.library.path: [/Users/Tzu-Han/Library/Java/Extensions:/Library/Java/Extensions:/Network/Library/Java/Extensions:/System/Library/Java/Extensions:/usr/lib/java:.]
2019-02-04 09:09:54.827  INFO 46604 --- [localhost-startStop-1] o.a.c.c.C.[Tomcat].[localhost].[/]       : Initializing Spring embedded WebApplicationContext
2019-02-04 09:09:54.828  INFO 46604 --- [localhost-startStop-1] o.s.web.context.ContextLoader            : Root WebApplicationContext: initialization completed in 2025 ms
2019-02-04 09:09:55.629  INFO 46604 --- [localhost-startStop-1] o.s.b.w.servlet.ServletRegistrationBean  : Servlet dispatcherServlet mapped to [/]
2019-02-04 09:09:55.635  INFO 46604 --- [localhost-startStop-1] o.s.b.w.servlet.FilterRegistrationBean   : Mapping filter: 'characterEncodingFilter' to: [/*]
2019-02-04 09:09:55.636  INFO 46604 --- [localhost-startStop-1] o.s.b.w.servlet.FilterRegistrationBean   : Mapping filter: 'hiddenHttpMethodFilter' to: [/*]
2019-02-04 09:09:55.636  INFO 46604 --- [localhost-startStop-1] o.s.b.w.servlet.FilterRegistrationBean   : Mapping filter: 'httpPutFormContentFilter' to: [/*]
2019-02-04 09:09:55.637  INFO 46604 --- [localhost-startStop-1] o.s.b.w.servlet.FilterRegistrationBean   : Mapping filter: 'requestContextFilter' to: [/*]
2019-02-04 09:09:55.637  INFO 46604 --- [localhost-startStop-1] o.s.b.w.servlet.FilterRegistrationBean   : Mapping filter: 'httpTraceFilter' to: [/*]
2019-02-04 09:09:55.638  INFO 46604 --- [localhost-startStop-1] o.s.b.w.servlet.FilterRegistrationBean   : Mapping filter: 'webMvcMetricsFilter' to: [/*]
2019-02-04 09:09:55.756  INFO 46604 --- [restartedMain] com.zaxxer.hikari.HikariDataSource       : HikariPool-1 - Starting...
2019-02-04 09:09:56.186  INFO 46604 --- [restartedMain] com.zaxxer.hikari.HikariDataSource       : HikariPool-1 - Start completed.
2019-02-04 09:09:56.226  INFO 46604 --- [restartedMain] j.LocalContainerEntityManagerFactoryBean : Building JPA container EntityManagerFactory for persistence unit 'default'
2019-02-04 09:09:56.242  INFO 46604 --- [restartedMain] o.hibernate.jpa.internal.util.LogHelper  : HHH000204: Processing PersistenceUnitInfo [
	name: default
	...]
2019-02-04 09:09:56.315  INFO 46604 --- [restartedMain] org.hibernate.Version                    : HHH000412: Hibernate Core {5.2.14.Final}
2019-02-04 09:09:56.317  INFO 46604 --- [restartedMain] org.hibernate.cfg.Environment            : HHH000206: hibernate.properties not found
2019-02-04 09:09:56.364  INFO 46604 --- [restartedMain] o.hibernate.annotations.common.Version   : HCANN000001: Hibernate Commons Annotations {5.0.1.Final}
2019-02-04 09:09:56.469  INFO 46604 --- [restartedMain] org.hibernate.dialect.Dialect            : HHH000400: Using dialect: org.hibernate.dialect.MySQL5Dialect
2019-02-04 09:09:56.943  INFO 46604 --- [restartedMain] o.h.t.schema.internal.SchemaCreatorImpl  : HHH000476: Executing import script 'org.hibernate.tool.schema.internal.exec.ScriptSourceInputNonExistentImpl@ea3ba65'
2019-02-04 09:09:56.945  INFO 46604 --- [restartedMain] j.LocalContainerEntityManagerFactoryBean : Initialized JPA EntityManagerFactory for persistence unit 'default'
2019-02-04 09:09:57.374  INFO 46604 --- [restartedMain] s.w.s.m.m.a.RequestMappingHandlerAdapter : Looking for @ControllerAdvice: org.springframework.boot.web.servlet.context.AnnotationConfigServletWebServerApplicationContext@3946127f: startup date [Mon Feb 04 09:09:52 CST 2019]; root of context hierarchy
2019-02-04 09:09:57.423  WARN 46604 --- [restartedMain] aWebConfiguration$JpaWebMvcConfiguration : spring.jpa.open-in-view is enabled by default. Therefore, database queries may be performed during view rendering. Explicitly configure spring.jpa.open-in-view to disable this warning
2019-02-04 09:09:57.490  INFO 46604 --- [restartedMain] s.w.s.m.m.a.RequestMappingHandlerMapping : Mapped "{[/error]}" onto public org.springframework.http.ResponseEntity<java.util.Map<java.lang.String, java.lang.Object>> org.springframework.boot.autoconfigure.web.servlet.error.BasicErrorController.error(javax.servlet.http.HttpServletRequest)
2019-02-04 09:09:57.493  INFO 46604 --- [restartedMain] s.w.s.m.m.a.RequestMappingHandlerMapping : Mapped "{[/error],produces=[text/html]}" onto public org.springframework.web.servlet.ModelAndView org.springframework.boot.autoconfigure.web.servlet.error.BasicErrorController.errorHtml(javax.servlet.http.HttpServletRequest,javax.servlet.http.HttpServletResponse)
2019-02-04 09:09:57.561  INFO 46604 --- [restartedMain] o.s.w.s.handler.SimpleUrlHandlerMapping  : Mapped URL path [/webjars/**] onto handler of type [class org.springframework.web.servlet.resource.ResourceHttpRequestHandler]
2019-02-04 09:09:57.562  INFO 46604 --- [restartedMain] o.s.w.s.handler.SimpleUrlHandlerMapping  : Mapped URL path [/**] onto handler of type [class org.springframework.web.servlet.resource.ResourceHttpRequestHandler]
2019-02-04 09:09:57.628  INFO 46604 --- [restartedMain] o.s.w.s.handler.SimpleUrlHandlerMapping  : Mapped URL path [/**/favicon.ico] onto handler of type [class org.springframework.web.servlet.resource.ResourceHttpRequestHandler]
2019-02-04 09:09:58.182  INFO 46604 --- [restartedMain] o.s.b.d.a.OptionalLiveReloadServer       : LiveReload server is running on port 35729
2019-02-04 09:09:58.213  INFO 46604 --- [restartedMain] s.b.a.e.w.s.WebMvcEndpointHandlerMapping : Mapped "{[/actuator/health],methods=[GET],produces=[application/vnd.spring-boot.actuator.v2+json || application/json]}" onto public java.lang.Object org.springframework.boot.actuate.endpoint.web.servlet.AbstractWebMvcEndpointHandlerMapping$OperationHandler.handle(javax.servlet.http.HttpServletRequest,java.util.Map<java.lang.String, java.lang.String>)
2019-02-04 09:09:58.214  INFO 46604 --- [restartedMain] s.b.a.e.w.s.WebMvcEndpointHandlerMapping : Mapped "{[/actuator/info],methods=[GET],produces=[application/vnd.spring-boot.actuator.v2+json || application/json]}" onto public java.lang.Object org.springframework.boot.actuate.endpoint.web.servlet.AbstractWebMvcEndpointHandlerMapping$OperationHandler.handle(javax.servlet.http.HttpServletRequest,java.util.Map<java.lang.String, java.lang.String>)
2019-02-04 09:09:58.215  INFO 46604 --- [restartedMain] s.b.a.e.w.s.WebMvcEndpointHandlerMapping : Mapped "{[/actuator],methods=[GET],produces=[application/vnd.spring-boot.actuator.v2+json || application/json]}" onto protected java.util.Map<java.lang.String, java.util.Map<java.lang.String, org.springframework.boot.actuate.endpoint.web.Link>> org.springframework.boot.actuate.endpoint.web.servlet.WebMvcEndpointHandlerMapping.links(javax.servlet.http.HttpServletRequest,javax.servlet.http.HttpServletResponse)
2019-02-04 09:09:58.269  INFO 46604 --- [RMI TCP Connection(3)-127.0.0.1] o.a.c.c.C.[Tomcat].[localhost].[/]       : Initializing Spring FrameworkServlet 'dispatcherServlet'
2019-02-04 09:09:58.270  INFO 46604 --- [RMI TCP Connection(3)-127.0.0.1] o.s.web.servlet.DispatcherServlet        : FrameworkServlet 'dispatcherServlet': initialization started
2019-02-04 09:09:58.291  INFO 46604 --- [RMI TCP Connection(3)-127.0.0.1] o.s.web.servlet.DispatcherServlet        : FrameworkServlet 'dispatcherServlet': initialization completed in 21 ms
2019-02-04 09:09:58.373  INFO 46604 --- [restartedMain] o.s.j.e.a.AnnotationMBeanExporter        : Registering beans for JMX exposure on startup
2019-02-04 09:09:58.375  INFO 46604 --- [restartedMain] o.s.j.e.a.AnnotationMBeanExporter        : Bean with name 'dataSource' has been autodetected for JMX exposure
2019-02-04 09:09:58.385  INFO 46604 --- [restartedMain] o.s.j.e.a.AnnotationMBeanExporter        : Located MBean 'dataSource': registering with JMX server as MBean [com.zaxxer.hikari:name=dataSource,type=HikariDataSource]
2019-02-04 09:09:58.441  INFO 46604 --- [restartedMain] o.s.b.w.embedded.tomcat.TomcatWebServer  : Tomcat started on port(s): 8080 (http) with context path ''
2019-02-04 09:09:58.448  INFO 46604 --- [restartedMain] callmymom.CallMyMomApplication           : Started CallMyMomApplication in 21.167 seconds (JVM running for 26.913)
2019-02-04 09:23:40.171  INFO 46604 --- [RMI TCP Connection(26)-127.0.0.1] inMXBeanRegistrar$SpringApplicationAdmin : Application shutdown requested.
2019-02-04 09:23:40.174  INFO 46604 --- [RMI TCP Connection(26)-127.0.0.1] ConfigServletWebServerApplicationContext : Closing org.springframework.boot.web.servlet.context.AnnotationConfigServletWebServerApplicationContext@3946127f: startup date [Mon Feb 04 09:09:52 CST 2019]; root of context hierarchy
2019-02-04 09:23:40.196  INFO 46604 --- [RMI TCP Connection(26)-127.0.0.1] o.s.j.e.a.AnnotationMBeanExporter        : Unregistering JMX-exposed beans on shutdown
2019-02-04 09:23:40.196  INFO 46604 --- [RMI TCP Connection(26)-127.0.0.1] o.s.j.e.a.AnnotationMBeanExporter        : Unregistering JMX-exposed beans
2019-02-04 09:23:40.198  INFO 46604 --- [RMI TCP Connection(26)-127.0.0.1] j.LocalContainerEntityManagerFactoryBean : Closing JPA EntityManagerFactory for persistence unit 'default'
2019-02-04 09:23:40.204  INFO 46604 --- [RMI TCP Connection(26)-127.0.0.1] com.zaxxer.hikari.HikariDataSource       : HikariPool-1 - Shutdown initiated...
2019-02-04 09:23:40.223  INFO 46604 --- [RMI TCP Connection(26)-127.0.0.1] com.zaxxer.hikari.HikariDataSource       : HikariPool-1 - Shutdown completed.
